[2026-04-22T12:16:17Z] === ENRICH ITERATION 1 START | repo=pypa/setuptools sha=5a138766 ===
[2026-04-22T12:16:17Z] [iter=1] PHASE START: enrich repo=pypa/setuptools sha=5a138766 runlog=/home/runner/work/forx/forx/storage/aggregate/lsp/logs/5a138766-enrich-iter-001.log output=/home/runner/work/forx/forx/storage/aggregate/lsp/5a13876673a41e3cd21d4d6e587f53d0fb4fd8e5.nq.gz
[2026-04-22T12:17:11Z] [iter=1] Step 1: Loading AST into disk-backed store mem_mb=78 MB
[2026-04-22T12:17:42Z] [iter=1] AST store loaded triples=3508119 load_secs=29 mem_mb=955 MB
[2026-04-22T12:17:42Z] [iter=1] Step 2: Finding LSP targets mem_mb=955 MB
[2026-04-22T12:17:49Z] [iter=1] LSP targets found call_sites=19717 imports=2021 extends=257 implements=0 secs=7
[2026-04-22T12:17:56Z] [iter=1] Step 2.7: Building position index (one-shot, shared across resolvers) mem_mb=955 MB
[2026-04-22T12:18:21Z] [iter=1] Position index built positions=247329 nodes_with_types=321342 secs=25 mem_mb=955 MB
[2026-04-22T12:18:21Z] [iter=1] Step 3: Starting LSP resolution mem_mb=955 MB already_completed_types=[] already_completed_files=0
[2026-04-22T12:18:21Z] [iter=1] Resolving target type target_type=call_site count=19717
[2026-04-22T12:18:21Z] [iter=1] HEARTBEAT target_type=call_site elapsed_min=2.1 files_done=0 resolved=0 errors=0 current=setuptools/_distutils/compilers/C/msvc.py
[2026-04-22T12:20:12Z] [iter=1] HEARTBEAT target_type=call_site elapsed_min=3.9 files_done=1 resolved=57 errors=77 current=setuptools/unicode_utils.py
[2026-04-22T12:23:49Z] [iter=1] HEARTBEAT target_type=call_site elapsed_min=7.5 files_done=3 resolved=174 errors=230 current=setuptools/config/_validate_pyproject/fastjsonschema_validations.py
[2026-04-22T12:35:08Z] [iter=1] HEARTBEAT target_type=call_site elapsed_min=18.8 files_done=4 resolved=795 errors=706 current=setuptools/tests/test_editable_install.py
[2026-04-22T12:39:19Z] [iter=1] HEARTBEAT target_type=call_site elapsed_min=23.0 files_done=5 resolved=1001 errors=882 current=setuptools/_distutils/command/build_ext.py
[2026-04-22T12:42:18Z] [iter=1] HEARTBEAT target_type=call_site elapsed_min=26.0 files_done=6 resolved=1049 errors=1010 current=setuptools/_vendor/backports/tarfile/__init__.py
[2026-04-22T12:53:55Z] [iter=1] HEARTBEAT target_type=call_site elapsed_min=37.6 files_done=7 resolved=1325 errors=1501 current=setuptools/_vendor/wheel/_commands/convert.py
[2026-04-22T12:56:06Z] [iter=1] HEARTBEAT target_type=call_site elapsed_min=39.8 files_done=8 resolved=1361 errors=1593 current=setuptools/_distutils/tests/test_cmd.py
[2026-04-22T12:56:41Z] [iter=1] HEARTBEAT target_type=call_site elapsed_min=40.4 files_done=9 resolved=1364 errors=1618 current=setuptools/tests/test_namespaces.py
[2026-04-22T12:59:09Z] [iter=1] HEARTBEAT target_type=call_site elapsed_min=42.9 files_done=11 resolved=1503 errors=1722 current=setuptools/_distutils/tests/test_install.py
[2026-04-22T13:00:32Z] [iter=1] HEARTBEAT target_type=call_site elapsed_min=44.2 files_done=12 resolved=1539 errors=1781 current=setuptools/_distutils/tests/test_sysconfig.py
[2026-04-22T13:01:38Z] [iter=1] HEARTBEAT target_type=call_site elapsed_min=45.3 files_done=13 resolved=1560 errors=1828 current=setuptools/_vendor/packaging/version.py
[2026-04-22T13:02:42Z] [iter=1] HEARTBEAT target_type=call_site elapsed_min=46.4 files_done=14 resolved=1610 errors=1872 current=setuptools/_distutils/compilers/C/tests/test_msvc.py
[2026-04-22T13:04:38Z] [iter=1] HEARTBEAT target_type=call_site elapsed_min=48.3 files_done=16 resolved=1656 errors=1954 current=setuptools/tests/test_install_scripts.py
[2026-04-22T13:05:12Z] [iter=1] HEARTBEAT target_type=call_site elapsed_min=48.9 files_done=17 resolved=1669 errors=1978 current=setuptools/_vendor/more_itertools/more.py
[2026-04-22T13:10:23Z] [iter=1] HEARTBEAT target_type=call_site elapsed_min=54.1 files_done=18 resolved=2291 errors=2195 current=setuptools/tests/test_egg_info.py
[2026-04-22T13:14:17Z] [iter=1] HEARTBEAT target_type=call_site elapsed_min=58.0 files_done=19 resolved=2412 errors=2361 current=setuptools/command/bdist_wheel.py
[2026-04-22T13:16:26Z] [iter=1] HEARTBEAT target_type=call_site elapsed_min=60.1 files_done=20 resolved=2494 errors=2453 current=setuptools/_vendor/packaging/_parser.py
[2026-04-22T13:18:51Z] [iter=1] HEARTBEAT target_type=call_site elapsed_min=62.6 files_done=21 resolved=2498 errors=2557 current=setuptools/_distutils/tests/test_build_scripts.py
[2026-04-22T13:23:48Z] [iter=1] HEARTBEAT target_type=call_site elapsed_min=67.5 files_done=23 resolved=2620 errors=2768 current=setuptools/tests/test_dist_info.py
[2026-04-22T13:24:29Z] [iter=1] HEARTBEAT target_type=call_site elapsed_min=68.2 files_done=24 resolved=2651 errors=2797 current=setuptools/_vendor/wheel/wheelfile.py
[2026-04-22T13:25:24Z] [iter=1] HEARTBEAT target_type=call_site elapsed_min=69.1 files_done=25 resolved=2692 errors=2836 current=setuptools/_distutils/tests/test_build_clib.py
[2026-04-22T13:26:09Z] [iter=1] HEARTBEAT target_type=call_site elapsed_min=69.9 files_done=26 resolved=2698 errors=2868 current=setuptools/command/build_py.py
[2026-04-22T13:27:29Z] [iter=1] HEARTBEAT target_type=call_site elapsed_min=71.2 files_done=27 resolved=2757 errors=2925 current=setuptools/tests/test_build_ext.py
[2026-04-22T13:29:15Z] [iter=1] HEARTBEAT target_type=call_site elapsed_min=73.0 files_done=28 resolved=2765 errors=3000 current=setuptools/tests/config/test_apply_pyprojecttoml.py
[2026-04-22T13:32:40Z] [iter=1] HEARTBEAT target_type=call_site elapsed_min=76.4 files_done=29 resolved=2832 errors=3144 current=setuptools/_distutils/tests/test_bdist_dumb.py
[2026-04-22T13:33:38Z] [iter=1] HEARTBEAT target_type=call_site elapsed_min=77.3 files_done=31 resolved=2860 errors=3185 current=setuptools/_distutils/tests/test_archive_util.py
[2026-04-22T13:35:38Z] [iter=1] HEARTBEAT target_type=call_site elapsed_min=79.3 files_done=32 resolved=2921 errors=3270 current=setuptools/_vendor/tomli/_parser.py
[2026-04-22T13:39:04Z] [iter=1] HEARTBEAT target_type=call_site elapsed_min=82.8 files_done=33 resolved=2966 errors=3417 current=setuptools/tests/test_distutils_adoption.py
[2026-04-22T13:39:39Z] [iter=1] HEARTBEAT target_type=call_site elapsed_min=83.4 files_done=34 resolved=2977 errors=3442 current=setuptools/_distutils/tests/test_filelist.py
[2026-04-22T13:42:51Z] [iter=1] HEARTBEAT target_type=call_site elapsed_min=86.6 files_done=35 resolved=2987 errors=3579 current=setuptools/tests/test_sdist.py
[2026-04-22T13:47:50Z] [iter=1] HEARTBEAT target_type=call_site elapsed_min=91.5 files_done=36 resolved=3079 errors=3791 current=setuptools/_vendor/wheel/_bdist_wheel.py
[2026-04-22T13:49:58Z] [iter=1] HEARTBEAT target_type=call_site elapsed_min=93.7 files_done=37 resolved=3163 errors=3882 current=setuptools/_vendor/importlib_metadata/__init__.py
[2026-04-22T13:53:29Z] [iter=1] HEARTBEAT target_type=call_site elapsed_min=97.2 files_done=38 resolved=3256 errors=4030 current=setuptools/_vendor/packaging/tags.py
[2026-04-22T13:55:44Z] [iter=1] HEARTBEAT target_type=call_site elapsed_min=99.4 files_done=39 resolved=3319 errors=4126 current=setuptools/wheel.py
[2026-04-22T13:56:42Z] [iter=1] HEARTBEAT target_type=call_site elapsed_min=100.4 files_done=40 resolved=3399 errors=4167 current=setuptools/tests/test_wheel.py
[2026-04-22T13:58:30Z] [iter=1] HEARTBEAT target_type=call_site elapsed_min=102.2 files_done=41 resolved=3455 errors=4244 current=setuptools/tests/test_core_metadata.py
[2026-04-22T14:00:31Z] [iter=1] HEARTBEAT target_type=call_site elapsed_min=104.2 files_done=42 resolved=3502 errors=4330 current=setuptools/depends.py
[2026-04-22T14:02:34Z] [iter=1] HEARTBEAT target_type=call_site elapsed_min=106.3 files_done=44 resolved=3556 errors=4417 current=setuptools/build_meta.py
[2026-04-22T14:03:46Z] [iter=1] HEARTBEAT target_type=call_site elapsed_min=107.5 files_done=45 resolved=3607 errors=4468 current=setuptools/_distutils/compilers/C/zos.py
[2026-04-22T14:07:17Z] [iter=1] HEARTBEAT target_type=call_site elapsed_min=111.0 files_done=47 resolved=3752 errors=4616 current=setuptools/tests/test_find_packages.py
[2026-04-22T14:08:27Z] [iter=1] HEARTBEAT target_type=call_site elapsed_min=112.2 files_done=48 resolved=3772 errors=4666 current=setuptools/_vendor/jaraco/functools/__init__.py
[2026-04-22T14:09:18Z] [iter=1] HEARTBEAT target_type=call_site elapsed_min=113.0 files_done=49 resolved=3819 errors=4702 current=setuptools/_vendor/packaging/_elffile.py
[2026-04-22T14:12:17Z] [iter=1] HEARTBEAT target_type=call_site elapsed_min=116.0 files_done=51 resolved=3891 errors=4830 current=setuptools/_vendor/packaging/utils.py
[2026-04-22T14:13:01Z] [iter=1] HEARTBEAT target_type=call_site elapsed_min=116.7 files_done=52 resolved=3904 errors=4861 current=setuptools/_distutils/util.py
[2026-04-22T14:14:10Z] [iter=1] HEARTBEAT target_type=call_site elapsed_min=117.9 files_done=53 resolved=3947 errors=4910 current=setuptools/tests/test_manifest.py
[2026-04-22T14:18:58Z] [iter=1] HEARTBEAT target_type=call_site elapsed_min=122.7 files_done=54 resolved=3996 errors=5116 current=setuptools/_vendor/platformdirs/windows.py
[2026-04-22T14:19:34Z] [iter=1] HEARTBEAT target_type=call_site elapsed_min=123.3 files_done=55 resolved=4037 errors=5142 current=setuptools/config/pyprojecttoml.py
[2026-04-22T14:21:55Z] [iter=1] HEARTBEAT target_type=call_site elapsed_min=125.6 files_done=56 resolved=4062 errors=5243 current=setuptools/_vendor/jaraco/text/__init__.py
[2026-04-22T14:23:10Z] [iter=1] HEARTBEAT target_type=call_site elapsed_min=126.9 files_done=57 resolved=4106 errors=5297 current=setuptools/_distutils/compilers/C/unix.py
[2026-04-22T14:24:24Z] [iter=1] HEARTBEAT target_type=call_site elapsed_min=128.1 files_done=58 resolved=4127 errors=5350 current=setuptools/command/build_clib.py
[2026-04-22T14:26:27Z] [iter=1] HEARTBEAT target_type=call_site elapsed_min=130.2 files_done=60 resolved=4185 errors=5438 current=setuptools/tests/test_bdist_egg.py
[2026-04-22T14:27:42Z] [iter=1] HEARTBEAT target_type=call_site elapsed_min=131.4 files_done=62 resolved=4226 errors=5492 current=setuptools/tests/config/downloads/__init__.py
[2026-04-22T14:28:36Z] [iter=1] HEARTBEAT target_type=call_site elapsed_min=132.3 files_done=64 resolved=4242 errors=5530 current=setuptools/_distutils/tests/test_install_data.py
[2026-04-22T14:30:58Z] [iter=1] HEARTBEAT target_type=call_site elapsed_min=134.7 files_done=66 resolved=4324 errors=5631 current=setuptools/_vendor/packaging/pylock.py
[2026-04-22T14:33:30Z] [iter=1] HEARTBEAT target_type=call_site elapsed_min=137.2 files_done=67 resolved=4412 errors=5739 current=setuptools/_distutils/tests/test_dist.py
[2026-04-22T14:36:06Z] [iter=1] HEARTBEAT target_type=call_site elapsed_min=139.8 files_done=68 resolved=4453 errors=5849 current=setuptools/_distutils/fancy_getopt.py
[2026-04-22T14:37:14Z] [iter=1] HEARTBEAT target_type=call_site elapsed_min=140.9 files_done=69 resolved=4481 errors=5897 current=setuptools/_distutils/command/bdist_rpm.py
[2026-04-22T14:39:58Z] [iter=1] HEARTBEAT target_type=call_site elapsed_min=143.7 files_done=70 resolved=4512 errors=6013 current=setuptools/_vendor/wheel/_commands/tags.py
[2026-04-22T14:40:38Z] [iter=1] HEARTBEAT target_type=call_site elapsed_min=144.3 files_done=71 resolved=4535 errors=6041 current=setuptools/tests/test_config_discovery.py
[2026-04-22T14:43:30Z] [iter=1] HEARTBEAT target_type=call_site elapsed_min=147.2 files_done=72 resolved=4602 errors=6160 current=setuptools/_distutils/command/install.py
[2026-04-22T14:45:49Z] [iter=1] HEARTBEAT target_type=call_site elapsed_min=149.5 files_done=73 resolved=4653 errors=6258 current=setuptools/tests/test_dist.py
[2026-04-22T14:46:59Z] [iter=1] HEARTBEAT target_type=call_site elapsed_min=150.7 files_done=74 resolved=4677 errors=6307 current=setuptools/_vendor/packaging/_tokenizer.py
[2026-04-22T14:47:42Z] [iter=1] HEARTBEAT target_type=call_site elapsed_min=151.4 files_done=76 resolved=4713 errors=6338 current=setuptools/_vendor/packaging/markers.py
[2026-04-22T14:48:34Z] [iter=1] HEARTBEAT target_type=call_site elapsed_min=152.3 files_done=77 resolved=4750 errors=6374 current=setuptools/dist.py
[2026-04-22T14:52:20Z] [iter=1] HEARTBEAT target_type=call_site elapsed_min=156.0 files_done=78 resolved=4855 errors=6533 current=setuptools/_distutils/command/build.py
[2026-04-22T14:52:54Z] [iter=1] HEARTBEAT target_type=call_site elapsed_min=156.6 files_done=80 resolved=4875 errors=6557 current=setuptools/_distutils/command/build_clib.py
[2026-04-22T14:53:31Z] [iter=1] HEARTBEAT target_type=call_site elapsed_min=157.2 files_done=81 resolved=4884 errors=6583 current=setuptools/warnings.py
[2026-04-22T14:56:02Z] [iter=1] HEARTBEAT target_type=call_site elapsed_min=159.7 files_done=83 resolved=4937 errors=6690 current=setuptools/tests/test_glob.py
[2026-04-22T14:59:04Z] [iter=1] HEARTBEAT target_type=call_site elapsed_min=162.8 files_done=85 resolved=5029 errors=6819 current=setuptools/tests/config/test_setupcfg.py
[2026-04-22T15:03:53Z] [iter=1] HEARTBEAT target_type=call_site elapsed_min=167.6 files_done=86 resolved=5056 errors=7025 current=setuptools/config/expand.py
[2026-04-22T15:05:08Z] [iter=1] HEARTBEAT target_type=call_site elapsed_min=168.8 files_done=87 resolved=5119 errors=7078 current=setuptools/tests/test_find_py_modules.py
[2026-04-22T15:07:35Z] [iter=1] HEARTBEAT target_type=call_site elapsed_min=171.3 files_done=89 resolved=5152 errors=7182 current=setuptools/_distutils/filelist.py
[2026-04-22T15:09:01Z] [iter=1] HEARTBEAT target_type=call_site elapsed_min=172.7 files_done=90 resolved=5185 errors=7243 current=setuptools/tests/test_develop.py
[2026-04-22T15:11:43Z] [iter=1] HEARTBEAT target_type=call_site elapsed_min=175.4 files_done=92 resolved=5280 errors=7357 current=setuptools/command/dist_info.py
[2026-04-22T15:13:38Z] [iter=1] HEARTBEAT target_type=call_site elapsed_min=177.3 files_done=95 resolved=5351 errors=7439 current=setuptools/command/install_lib.py
[2026-04-22T15:14:34Z] [iter=1] HEARTBEAT target_type=call_site elapsed_min=178.3 files_done=97 resolved=5371 errors=7478 current=setuptools/tests/namespaces.py
[2026-04-22T15:15:23Z] [iter=1] HEARTBEAT target_type=call_site elapsed_min=179.1 files_done=99 resolved=5410 errors=7513 current=setuptools/_distutils/tests/test_build_ext.py
[2026-04-22T15:18:39Z] [iter=1] HEARTBEAT target_type=call_site elapsed_min=182.4 files_done=100 resolved=5476 errors=7652 current=setuptools/_vendor/packaging/_manylinux.py
[2026-04-22T15:19:28Z] [iter=1] HEARTBEAT target_type=call_site elapsed_min=183.2 files_done=101 resolved=5498 errors=7686 current=setuptools/_vendor/autocommand/autocommand.py
[2026-04-22T15:20:27Z] [iter=1] HEARTBEAT target_type=call_site elapsed_min=184.2 files_done=103 resolved=5525 errors=7728 current=setuptools/_vendor/importlib_metadata/_itertools.py
[2026-04-22T15:21:53Z] [iter=1] HEARTBEAT target_type=call_site elapsed_min=185.6 files_done=106 resolved=5567 errors=7789 current=setuptools/_static.py
[2026-04-22T15:23:24Z] [iter=1] HEARTBEAT target_type=call_site elapsed_min=187.1 files_done=109 resolved=5802 errors=7853 current=setuptools/_vendor/backports/tarfile/compat/py38.py
[2026-04-22T15:24:56Z] [iter=1] HEARTBEAT target_type=call_site elapsed_min=188.6 files_done=111 resolved=5833 errors=7918 current=setuptools/_distutils/compilers/C/base.py
[2026-04-22T15:26:35Z] [iter=1] HEARTBEAT target_type=call_site elapsed_min=190.3 files_done=112 resolved=5918 errors=7988 current=setuptools/_vendor/packaging/metadata.py
[2026-04-22T15:29:37Z] [iter=1] HEARTBEAT target_type=call_site elapsed_min=193.3 files_done=113 resolved=5972 errors=8117 current=setuptools/config/_apply_pyprojecttoml.py
[2026-04-22T15:32:42Z] [iter=1] HEARTBEAT target_type=call_site elapsed_min=196.4 files_done=114 resolved=6024 errors=8249 current=setuptools/_vendor/platformdirs/android.py
[2026-04-22T15:33:25Z] [iter=1] HEARTBEAT target_type=call_site elapsed_min=197.1 files_done=115 resolved=6038 errors=8280 current=setuptools/_distutils/dir_util.py
[2026-04-22T15:34:02Z] [iter=1] HEARTBEAT target_type=call_site elapsed_min=197.7 files_done=116 resolved=6063 errors=8307 current=setuptools/_vendor/autocommand/autoparse.py
[2026-04-22T15:34:34Z] [iter=1] HEARTBEAT target_type=call_site elapsed_min=198.3 files_done=117 resolved=6087 errors=8330 current=setuptools/_vendor/importlib_metadata/diagnose.py
[2026-04-22T15:35:23Z] [iter=1] HEARTBEAT target_type=call_site elapsed_min=199.1 files_done=119 resolved=6113 errors=8365 current=setuptools/tests/test_warnings.py
[2026-04-22T15:36:57Z] [iter=1] HEARTBEAT target_type=call_site elapsed_min=200.7 files_done=121 resolved=6157 errors=8432 current=setuptools/tests/config/test_pyprojecttoml.py
[2026-04-22T15:38:08Z] [iter=1] HEARTBEAT target_type=call_site elapsed_min=201.8 files_done=122 resolved=6178 errors=8483 current=setuptools/_core_metadata.py
[2026-04-22T15:40:08Z] [iter=1] HEARTBEAT target_type=call_site elapsed_min=203.8 files_done=123 resolved=6213 errors=8569 current=setuptools/_vendor/zipp/__init__.py
[2026-04-22T15:41:16Z] [iter=1] HEARTBEAT target_type=call_site elapsed_min=205.0 files_done=124 resolved=6262 errors=8618 current=setuptools/_distutils/compilers/C/cygwin.py
[2026-04-22T15:41:55Z] [iter=1] HEARTBEAT target_type=call_site elapsed_min=205.6 files_done=125 resolved=6287 errors=8646 current=setuptools/_vendor/packaging/_musllinux.py
[2026-04-22T15:42:35Z] [iter=1] HEARTBEAT target_type=call_site elapsed_min=206.3 files_done=127 resolved=6324 errors=8675 current=setuptools/tests/test_windows_wrappers.py
[2026-04-22T15:43:06Z] [iter=1] HEARTBEAT target_type=call_site elapsed_min=206.8 files_done=128 resolved=6355 errors=8697 current=setuptools/_vendor/platformdirs/__init__.py
[2026-04-22T15:43:54Z] [iter=1] HEARTBEAT target_type=call_site elapsed_min=207.6 files_done=129 resolved=6359 errors=8731 current=setuptools/_scripts.py
[2026-04-22T15:45:00Z] [iter=1] HEARTBEAT target_type=call_site elapsed_min=208.7 files_done=130 resolved=6397 errors=8778 current=setuptools/_distutils/tests/test_sdist.py
[2026-04-22T15:47:21Z] [iter=1] HEARTBEAT target_type=call_site elapsed_min=211.1 files_done=131 resolved=6454 errors=8879 current=setuptools/_distutils/command/build_scripts.py
[2026-04-22T15:47:57Z] [iter=1] HEARTBEAT target_type=call_site elapsed_min=211.7 files_done=132 resolved=6463 errors=8905 current=setuptools/_vendor/tomli/_re.py
[2026-04-22T15:48:50Z] [iter=1] HEARTBEAT target_type=call_site elapsed_min=212.5 files_done=134 resolved=6493 errors=8943 current=setuptools/_vendor/platformdirs/unix.py
[2026-04-22T15:49:46Z] [iter=1] HEARTBEAT target_type=call_site elapsed_min=213.5 files_done=135 resolved=6519 errors=8983 current=setuptools/_distutils/command/bdist_dumb.py
[2026-04-22T15:50:37Z] [iter=1] HEARTBEAT target_type=call_site elapsed_min=214.3 files_done=137 resolved=6539 errors=9020 current=setuptools/tests/contexts.py
[2026-04-22T15:51:14Z] [iter=1] HEARTBEAT target_type=call_site elapsed_min=214.9 files_done=139 resolved=6560 errors=9046 current=setuptools/_vendor/wheel/_metadata.py
[2026-04-22T15:51:47Z] [iter=1] HEARTBEAT target_type=call_site elapsed_min=215.5 files_done=140 resolved=6582 errors=9070 current=setuptools/_entry_points.py
[2026-04-22T15:52:46Z] [iter=1] HEARTBEAT target_type=call_site elapsed_min=216.5 files_done=142 resolved=6620 errors=9112 current=setuptools/_vendor/autocommand/autoasync.py
[2026-04-22T15:54:29Z] [iter=1] HEARTBEAT target_type=call_site elapsed_min=218.2 files_done=145 resolved=6646 errors=9186 current=setuptools/_vendor/importlib_metadata/_functools.py
[2026-04-22T15:55:01Z] [iter=1] HEARTBEAT target_type=call_site elapsed_min=218.7 files_done=148 resolved=6676 errors=9209 current=setuptools/_distutils/_modified.py
[2026-04-22T15:55:36Z] [iter=1] HEARTBEAT target_type=call_site elapsed_min=219.3 files_done=151 resolved=6704 errors=9234 current=setuptools/_distutils/tests/test_version.py
[2026-04-22T15:56:47Z] [iter=1] HEARTBEAT target_type=call_site elapsed_min=220.5 files_done=153 resolved=6740 errors=9285 current=setuptools/_distutils/command/install_lib.py
[2026-04-22T15:57:33Z] [iter=1] HEARTBEAT target_type=call_site elapsed_min=221.3 files_done=154 resolved=6751 errors=9318 current=setuptools/_distutils/command/install_egg_info.py
[2026-04-22T15:59:10Z] [iter=1] HEARTBEAT target_type=call_site elapsed_min=222.9 files_done=158 resolved=6826 errors=9387 current=setuptools/_distutils/compilers/C/tests/test_unix.py
[2026-04-22T16:00:32Z] [iter=1] HEARTBEAT target_type=call_site elapsed_min=224.2 files_done=159 resolved=6843 errors=9446 current=setuptools/_normalization.py
[2026-04-22T16:01:17Z] [iter=1] HEARTBEAT target_type=call_site elapsed_min=225.0 files_done=161 resolved=6878 errors=9478 current=setuptools/_vendor/platformdirs/macos.py
[2026-04-22T16:01:47Z] [iter=1] HEARTBEAT target_type=call_site elapsed_min=225.5 files_done=163 resolved=6915 errors=9500 current=setuptools/command/install_egg_info.py
[2026-04-22T16:02:50Z] [iter=1] HEARTBEAT target_type=call_site elapsed_min=226.5 files_done=166 resolved=6958 errors=9545 current=setuptools/_vendor/more_itertools/more.pyi
[2026-04-22T16:03:30Z] [iter=1] HEARTBEAT target_type=call_site elapsed_min=227.2 files_done=170 resolved=6997 errors=9573 current=setuptools/_distutils/archive_util.py
[2026-04-22T16:04:06Z] [iter=1] HEARTBEAT target_type=call_site elapsed_min=227.8 files_done=171 resolved=7014 errors=9599 current=setuptools/installer.py
[2026-04-22T16:04:41Z] [iter=1] HEARTBEAT target_type=call_site elapsed_min=228.4 files_done=172 resolved=7038 errors=9624 current=setuptools/_vendor/zipp/glob.py
[2026-04-22T16:05:12Z] [iter=1] HEARTBEAT target_type=call_site elapsed_min=228.9 files_done=175 resolved=7061 errors=9646 current=setuptools/_vendor/packaging/specifiers.py
[2026-04-22T16:07:07Z] [iter=1] HEARTBEAT target_type=call_site elapsed_min=230.8 files_done=176 resolved=7122 errors=9729 current=setuptools/_distutils/core.py
[2026-04-22T16:07:42Z] [iter=1] HEARTBEAT target_type=call_site elapsed_min=231.4 files_done=178 resolved=7167 errors=9754 current=setuptools/_distutils/tests/test_modified.py
[2026-04-22T16:08:25Z] [iter=1] HEARTBEAT target_type=call_site elapsed_min=232.1 files_done=179 resolved=7188 errors=9785 current=setuptools/_distutils/tests/test_core.py
[2026-04-22T16:10:17Z] [iter=1] HEARTBEAT target_type=call_site elapsed_min=234.0 files_done=182 resolved=7241 errors=9865 current=setuptools/_distutils/command/check.py
[2026-04-22T16:11:13Z] [iter=1] HEARTBEAT target_type=call_site elapsed_min=234.9 files_done=184 resolved=7262 errors=9905 current=setuptools/tests/config/test_expand.py
[2026-04-22T16:12:25Z] [iter=1] HEARTBEAT target_type=call_site elapsed_min=236.1 files_done=185 resolved=7280 errors=9957 current=setuptools/_distutils/tests/test_install_scripts.py
[2026-04-22T16:13:08Z] [iter=1] HEARTBEAT target_type=call_site elapsed_min=236.9 files_done=187 resolved=7292 errors=9988 current=setuptools/_vendor/importlib_metadata/_collections.py
[2026-04-22T16:14:05Z] [iter=1] HEARTBEAT target_type=call_site elapsed_min=237.8 files_done=192 resolved=7317 errors=10028 current=setuptools/_distutils/command/install_scripts.py
[2026-04-22T16:14:41Z] [iter=1] HEARTBEAT target_type=call_site elapsed_min=238.4 files_done=195 resolved=7332 errors=10054 current=setuptools/command/alias.py
[2026-04-22T16:15:29Z] [iter=1] HEARTBEAT target_type=call_site elapsed_min=239.2 files_done=197 resolved=7375 errors=10088 current=setuptools/command/bdist_rpm.py
[2026-04-22T16:16:13Z] [iter=1] HEARTBEAT target_type=call_site elapsed_min=239.9 files_done=199 resolved=7380 errors=10120 current=setuptools/command/install_scripts.py
[2026-04-22T16:16:24Z] [iter=1] CHECKPOINT TRIGGERED elapsed_min=240.1 files_completed=199 new_files_this_iter=199 mem_mb=955 MB
[2026-04-22T16:16:24Z] [iter=1] Writing partial enrichment graph path=/home/runner/work/forx/forx/storage/aggregate/lsp/5a13876673a41e3cd21d4d6e587f53d0fb4fd8e5.nq.gz triples=111469
[2026-04-22T16:16:27Z] [iter=1] Checkpoint written, exiting with code 7
[2026-04-22T16:16:27Z] [iter=1] PHASE END: enrich (checkpointed) elapsed_s=14407 elapsed_min=240.1 files_completed=199
